H:\Навчання\Василишин Форми\форма 6.dwg,Модель,26.02.2016 17:11:26,zarovenny,Canon MF3010 (копия 1),A4,1:1,
H:\Навчання\Василишин Форми\форма 6.dwg,Модель,26.02.2016 17:14:33,zarovenny,Canon MF3010 (копия 1),A4,1:1,
H:\Навчання\Василишин Форми\форма 6.dwg,Модель,29.02.2016 20:47:31,zarovenny,Canon MF3010 (копия 1),A4,1:1,
H:\Навчання\Василишин Форми\форма 6.dwg,Модель,29.02.2016 20:48:30,zarovenny,Canon MF3010 (копия 1),A4,1:1,
H:\Навчання\Василишин Форми\форма 6.dwg,Модель,29.02.2016 20:49:20,zarovenny,Canon MF3010 (копия 1),A4,1:1,
H:\Навчання\Василишин Форми\форма 6.dwg,Модель,29.02.2016 20:49:50,zarovenny,Canon MF3010 (копия 1),A4,1:1,
H:\Навчання\Василишин Форми\форма 6.dwg,Модель,29.02.2016 20:50:18,zarovenny,Canon MF3010 (копия 1),A4,1:1,
H:\Навчання\Василишин Форми\форма 6.dwg,Модель,29.02.2016 20:50:42,zarovenny,Canon MF3010 (копия 1),A4,1:1,
H:\Навчання\Василишин Форми\форма 6.dwg,Модель,29.02.2016 20:51:09,zarovenny,Canon MF3010 (копия 1),A4,1:1,
H:\Навчання\Василишин Форми\форма 6.dwg,Модель,29.02.2016 20:51:41,zarovenny,Canon MF3010 (копия 1),A4,1:1,
H:\Навчання\AL.Korpus pr\Korpus Prakt А2\практична василишин 13,11,15.dwg,Лист1,03.03.2016 11:30:29,zarovenny,Canon MF3010,A4,1:1,
H:\Навчання\AL.Korpus pr\Korpus Prakt А2\практична василишин 13,11,15.dwg,Лист1,03.03.2016 11:30:49,zarovenny,Canon MF3010,A4,1:1,
H:\Навчання\AL.Korpus pr\Korpus Prakt А2\практична василишин 13,11,15.dwg,Лист1,03.03.2016 11:31:17,zarovenny,Canon MF3010 (копия 1),A4,1:1,
H:\Навчання\AL.Korpus pr\Korpus Prakt А2\практична василишин 13,11,15.dwg,Лист1,03.03.2016 11:31:33,zarovenny,Canon MF3010,A4,1:1,
H:\Навчання\AL.Korpus pr\Korpus Prakt А2\практична василишин 13,11,15.dwg,Лист1,03.03.2016 11:31:47,zarovenny,Canon MF3010 (копия 1),A4,1:1,
H:\Навчання\AL.Korpus pr\Korpus Prakt А2\практична василишин 13,11,15.dwg,Лист1,03.03.2016 11:32:54,zarovenny,Canon MF3010 (копия 1),A4,1:1,
H:\Навчання\AL.Korpus pr\Korpus Prakt А2\практична василишин 13,11,15.dwg,Лист1,03.03.2016 11:33:02,zarovenny,Canon MF3010 (копия 1),A4,1:1,
H:\Навчання\AL.Korpus pr\Korpus Prakt А2\практична василишин 13,11,15.dwg,Лист1,03.03.2016 11:33:17,zarovenny,Canon MF3010 (копия 1),A4,1:1,
H:\Навчання\AL.Korpus pr\Korpus Prakt А2\практична василишин 13,11,15.dwg,Лист1,03.03.2016 11:33:38,zarovenny,Canon MF3010 (копия 1),A4,1:1,
H:\Навчання\Василишин Форми\форма 6.dwg,Модель,03.03.2016 11:37:23,zarovenny,Fax,Малый A4,1:1,
H:\Навчання\Василишин Форми\форма 6.dwg,Модель,04.03.2016 0:16:38,zarovenny,Canon MF3010 (копия 1),A4,1:1,
H:\Навчання\Василишин Форми\форма 6.dwg,Модель,04.03.2016 0:17:04,zarovenny,Canon MF3010 (копия 1),A4,1:1,
H:\Навчання\Василишин Форми\форма 6.dwg,Модель,04.03.2016 0:17:18,zarovenny,Canon MF3010 (копия 1),A4,1:1,
H:\Навчання\Василишин Форми\форма 6.dwg,Модель,04.03.2016 0:17:32,zarovenny,Canon MF3010 (копия 1),A4,1:1,
H:\Навчання\Василишин Форми\форма 6.dwg,Модель,04.03.2016 0:17:47,zarovenny,Canon MF3010 (копия 1),A4,1:1,
H:\Навчання\Василишин Форми\форма 6.dwg,Модель,04.03.2016 0:18:00,zarovenny,Canon MF3010 (копия 1),A4,1:1,
H:\Навчання\Василишин Форми\форма 6.dwg,Модель,04.03.2016 0:18:14,zarovenny,Canon MF3010 (копия 1),A4,1:1,
H:\Навчання\Василишин Форми\форма 6.dwg,Модель,04.03.2016 0:18:29,zarovenny,Canon MF3010 (копия 1),A4,1:1,
H:\Навчання\Василишин Форми\форма 6.dwg,Модель,04.03.2016 0:18:42,zarovenny,Canon MF3010 (копия 1),A4,1:1,
H:\Навчання\Василишин Форми\форма 6.dwg,Модель,08.03.2016 18:39:50,zarovenny,Canon MF3010 (копия 1),Пользовательский [Фикс. имя],1:1,
H:\Навчання\Василишин Форми\форма 6.dwg,Модель,08.03.2016 18:40:02,zarovenny,Canon MF3010 (копия 1),Пользовательский [Фикс. имя],1:1,
H:\Навчання\Василишин Форми\форма 6.dwg,Модель,08.03.2016 18:40:13,zarovenny,Canon MF3010 (копия 1),Пользовательский [Фикс. имя],1:1,
H:\Навчання\Василишин Форми\форма 6.dwg,Модель,08.03.2016 18:40:25,zarovenny,Canon MF3010 (копия 1),Пользовательский [Фикс. имя],1:1,
H:\Навчання\Василишин Форми\форма 6.dwg,Модель,08.03.2016 18:40:35,zarovenny,Canon MF3010 (копия 1),Пользовательский [Фикс. имя],1:1,
H:\Навчання\Василишин Форми\форма 6.dwg,Модель,08.03.2016 18:40:46,zarovenny,Canon MF3010 (копия 1),Пользовательский [Фикс. имя],1:1,
H:\Навчання\Василишин Форми\форма 6.dwg,Модель,08.03.2016 18:45:50,zarovenny,Canon MF3010 (копия 1),Пользовательский [Фикс. имя],1:1,
H:\Навчання\Василишин Форми\форма 6.dwg,Модель,08.03.2016 18:46:00,zarovenny,Canon MF3010 (копия 1),Пользовательский [Фикс. имя],1:1,
H:\Навчання\Василишин Форми\форма 6.dwg,Модель,08.03.2016 18:46:09,zarovenny,Canon MF3010 (копия 1),Пользовательский [Фикс. имя],1:1,
H:\Навчання\Василишин Форми\форма 6.dwg,Модель,08.03.2016 18:46:29,zarovenny,Canon MF3010 (копия 1),Пользовательский [Фикс. имя],1:1,
H:\Навчання\Василишин Форми\форма 6.dwg,Модель,08.03.2016 18:46:46,zarovenny,Canon MF3010 (копия 1),Пользовательский [Фикс. имя],1:1,
